<?xml version="1.0" encoding="UTF-8"?>
<!-- Generated by org.testng.reporters.JUnitReportReporter -->
<testsuite hostname="DESKTOP-SKC049P" failures="0" tests="1" name="packagemaven.Project_Maven.Test1" time="12.044" errors="0" timestamp="2024-12-17T23:27:31 IST" skipped="0">
  <testcase classname="packagemaven.Project_Maven.Test1" name="create_new_user" time="12.044"/>
  <system-out/>
</testsuite> <!-- packagemaven.Project_Maven.Test1 -->
