<?xml version="1.0" encoding="UTF-8"?>
<!-- Generated by org.testng.reporters.JUnitReportReporter -->
<testsuite hostname="DESKTOP-SKC049P" failures="0" tests="1" name="packagemaven.Project_Maven.Test2" time="9.469" errors="0" timestamp="2024-12-17T22:42:55 IST" skipped="0">
  <testcase classname="packagemaven.Project_Maven.Test2" name="login_to_amazon" time="9.469"/>
  <system-out/>
</testsuite> <!-- packagemaven.Project_Maven.Test2 -->
