<?xml version="1.0" encoding="UTF-8"?>
<!-- Generated by org.testng.reporters.JUnitReportReporter -->
<testsuite hostname="DESKTOP-SKC049P" failures="0" tests="1" name="packagemaven.Project_Maven.Test9" time="28.632" errors="0" timestamp="2024-12-17T22:42:55 IST" skipped="0">
  <testcase classname="packagemaven.Project_Maven.Test9" name="Add_to_Wishlist_Add_to_Cart" time="28.632"/>
  <system-out/>
</testsuite> <!-- packagemaven.Project_Maven.Test9 -->
