<?xml version="1.0" encoding="UTF-8"?>
<!-- Generated by org.testng.reporters.JUnitReportReporter -->
<testsuite hostname="DESKTOP-SKC049P" failures="0" tests="2" name="packagemaven.Project_Maven.Test8" time="26.144" errors="0" timestamp="2024-12-17T22:42:55 IST" skipped="1">
  <testcase classname="packagemaven.Project_Maven.Test8" name="check_delivery_status_filter" time="11.327">
    <skipped/>
  </testcase> <!-- check_delivery_status_filter -->
  <system-out/>
  <testcase classname="packagemaven.Project_Maven.Test8" name="check_delivery_status_filter" time="14.817"/>
  <system-out/>
</testsuite> <!-- packagemaven.Project_Maven.Test8 -->
