<?xml version="1.0" encoding="UTF-8"?>
<!-- Generated by org.testng.reporters.JUnitReportReporter -->
<testsuite hostname="DESKTOP-SKC049P" failures="0" tests="2" name="packagemaven.Project_Maven.Test5" time="17.140" errors="0" timestamp="2024-12-17T22:42:55 IST" skipped="1">
  <testcase classname="packagemaven.Project_Maven.Test5" name="login_to_amazon_search_a_product" time="12.653"/>
  <system-out/>
  <testcase classname="packagemaven.Project_Maven.Test5" name="login_to_amazon_search_a_product" time="4.487">
    <skipped/>
  </testcase> <!-- login_to_amazon_search_a_product -->
  <system-out/>
</testsuite> <!-- packagemaven.Project_Maven.Test5 -->
