<?xml version="1.0" encoding="UTF-8"?>
<!-- Generated by org.testng.reporters.JUnitReportReporter -->
<testsuite hostname="DESKTOP-SKC049P" failures="0" tests="1" name="packagemaven.Project_Maven.Test14" time="23.554" errors="0" timestamp="2024-12-17T23:45:21 IST" skipped="0">
  <testcase classname="packagemaven.Project_Maven.Test14" name="give_five_star_rating" time="23.554"/>
  <system-out/>
</testsuite> <!-- packagemaven.Project_Maven.Test14 -->
