<?xml version="1.0" encoding="UTF-8"?>
<!-- Generated by org.testng.reporters.JUnitReportReporter -->
<testsuite hostname="DESKTOP-SKC049P" failures="0" tests="1" name="packagemaven.Project_Maven.Test3" time="9.684" errors="0" timestamp="2024-12-17T22:42:55 IST" skipped="0">
  <testcase classname="packagemaven.Project_Maven.Test3" name="checkLoginFail" time="9.684"/>
  <system-out/>
</testsuite> <!-- packagemaven.Project_Maven.Test3 -->
