<?xml version="1.0" encoding="UTF-8"?>
<!-- Generated by org.testng.reporters.JUnitReportReporter -->
<testsuite hostname="DESKTOP-SKC049P" failures="0" tests="2" name="packagemaven.Project_Maven.Test6" time="11.338" errors="0" timestamp="2024-12-18T19:43:20 IST" skipped="1">
  <testcase classname="packagemaven.Project_Maven.Test6" name="verify_searching_with_filters_category_price_range" time="4.328">
    <skipped/>
  </testcase> <!-- verify_searching_with_filters_category_price_range -->
  <system-out/>
  <testcase classname="packagemaven.Project_Maven.Test6" name="verify_searching_with_filters_category_price_range" time="7.010"/>
  <system-out/>
</testsuite> <!-- packagemaven.Project_Maven.Test6 -->
