<?xml version="1.0" encoding="UTF-8"?>
<!-- Generated by org.testng.reporters.JUnitReportReporter -->
<testsuite hostname="DESKTOP-SKC049P" failures="0" tests="2" name="packagemaven.Project_Maven.Test15" time="18.191" errors="0" timestamp="2024-12-17T22:42:55 IST" skipped="1">
  <testcase classname="packagemaven.Project_Maven.Test15" name="add_to_cart_without_login" time="4.542">
    <skipped/>
  </testcase> <!-- add_to_cart_without_login -->
  <system-out/>
  <testcase classname="packagemaven.Project_Maven.Test15" name="add_to_cart_without_login" time="13.649"/>
  <system-out/>
</testsuite> <!-- packagemaven.Project_Maven.Test15 -->
