<?xml version="1.0" encoding="UTF-8"?>
<!-- Generated by org.testng.reporters.JUnitReportReporter -->
<testsuite hostname="DESKTOP-SKC049P" failures="0" tests="2" name="packagemaven.Project_Maven.Test12" time="59.332" errors="0" timestamp="2024-12-18T13:56:32 IST" skipped="1">
  <testcase classname="packagemaven.Project_Maven.Test12" name="verify_payment_method" time="54.026"/>
  <system-out/>
  <testcase classname="packagemaven.Project_Maven.Test12" name="verify_payment_method" time="5.306">
    <skipped/>
  </testcase> <!-- verify_payment_method -->
  <system-out/>
</testsuite> <!-- packagemaven.Project_Maven.Test12 -->
