<?xml version="1.0" encoding="UTF-8"?>
<!-- Generated by org.testng.reporters.JUnitReportReporter -->
<testsuite hostname="DESKTOP-SKC049P" failures="0" tests="1" name="packagemaven.Project_Maven.Test4" time="18.646" errors="0" timestamp="2024-12-17T23:53:01 IST" skipped="0">
  <testcase classname="packagemaven.Project_Maven.Test4" name="verifyuserinfoedit" time="18.646"/>
  <system-out/>
</testsuite> <!-- packagemaven.Project_Maven.Test4 -->
