<?xml version="1.0" encoding="UTF-8"?>
<!-- Generated by org.testng.reporters.JUnitReportReporter -->
<testsuite hostname="DESKTOP-SKC049P" failures="0" tests="1" name="packagemaven.Project_Maven.Test1" time="4.874" errors="0" timestamp="2024-12-11T19:04:49 IST" skipped="0">
  <testcase classname="packagemaven.Project_Maven.Test1" name="login_to_amazon" time="4.874"/>
  <system-out/>
</testsuite> <!-- packagemaven.Project_Maven.Test1 -->
