<?xml version="1.0" encoding="UTF-8"?>
<!-- Generated by org.testng.reporters.JUnitReportReporter -->
<testsuite hostname="DESKTOP-SKC049P" failures="0" tests="1" name="packagemaven.Project_Maven.Test5" time="38.817" errors="0" timestamp="2024-12-11T19:04:49 IST" skipped="0">
  <testcase classname="packagemaven.Project_Maven.Test5" name="Login_Search_Add_to_Wishlist" time="38.817"/>
  <system-out/>
</testsuite> <!-- packagemaven.Project_Maven.Test5 -->
